<?xml version="1.0" encoding="UTF-8"?>
<!-- Generated by org.testng.reporters.JUnitReportReporter -->
<testsuite name="com.test.Jump" tests="1" time="21.870" ignored="0" failures="0" timestamp="19 May 2018 09:52:44 GMT" skipped="0" hostname="BDC7-D-9Z1M882" errors="0">
  <testcase name="testHDFC" time="21.870" classname="com.test.Jump"/>
</testsuite> <!-- com.test.Jump -->
