<?xml version="1.0" encoding="UTF-8"?>
<!-- Generated by org.testng.reporters.JUnitReportReporter -->
<testsuite skipped="0" hostname="BDC7-D-9Z1M882" name="com.test.NewJava3" tests="1" failures="0" timestamp="19 May 2018 07:54:45 GMT" time="26.557" errors="0">
  <testcase name="testClearTrip" time="26.557" classname="com.test.NewJava3"/>
</testsuite> <!-- com.test.NewJava3 -->
